<?xml version="1.0" encoding="UTF-8"?>
<testsuite xmlns:xsi="http://www.w3.org/2001/XMLSchema-instance" xsi:noNamespaceSchemaLocation="https://maven.apache.org/surefire/maven-surefire-plugin/xsd/surefire-test-report-3.0.xsd" version="3.0" name="com.mycompany.junittestingmain.GraderTest" time="0.04" tests="6" errors="0" skipped="0" failures="0">
  <properties>
[...]
</properties>
  <testcase name="sixtyNineShouldReturnD" classname="com.mycompany.junittestingmain.GraderTest" time="0.014"/>
  <testcase name="oneHundredShouldReturnA" classname="com.mycompany.junittestingmain.GraderTest" time="0.001"/>
  <testcase name="eightyNineShouldReturnC" classname="com.mycompany.junittestingmain.GraderTest" time="0.0"/>
  <testcase name="sixtyShouldReturnD" classname="com.mycompany.junittestingmain.GraderTest" time="0.0"/>
  <testcase name="seventyNineShouldReturnC" classname="com.mycompany.junittestingmain.GraderTest" time="0.001"/>
  <testcase name="fiftyNineShouldReturnF" classname="com.mycompany.junittestingmain.GraderTest" time="0.001"/>
</testsuite>